TN:
SF:src/index1.ts
FN:1,add
FNF:1
FNH:1
FNDA:2,add
DA:1,1
DA:2,2
DA:4,1
LF:3
LH:3
BRF:0
BRH:0
end_of_record
TN:
SF:src/AddMapReduce/AddMapReduce.ts
FN:12,(anonymous_0)
FN:20,(anonymous_1)
FN:21,(anonymous_2)
FNF:3
FNH:3
FNDA:1,(anonymous_0)
FNDA:1,(anonymous_1)
FNDA:3,(anonymous_2)
DA:1,1
DA:6,1
DA:12,1
DA:13,1
DA:14,1
DA:21,1
DA:22,3
DA:24,1
LF:8
LH:8
BRF:0
BRH:0
end_of_record
TN:
SF:src/DivMapReduce/DivMapReduce.ts
FN:12,(anonymous_0)
FN:20,(anonymous_1)
FN:21,(anonymous_2)
FNF:3
FNH:3
FNDA:1,(anonymous_0)
FNDA:1,(anonymous_1)
FNDA:3,(anonymous_2)
DA:1,1
DA:6,1
DA:12,1
DA:13,1
DA:14,1
DA:21,1
DA:22,3
DA:24,1
LF:8
LH:8
BRF:0
BRH:0
end_of_record
TN:
SF:src/PropMapReduce/PropMapReduce.ts
FN:12,(anonymous_0)
FN:21,(anonymous_1)
FN:22,(anonymous_2)
FNF:3
FNH:3
FNDA:1,(anonymous_0)
FNDA:1,(anonymous_1)
FNDA:3,(anonymous_2)
DA:1,1
DA:6,1
DA:12,1
DA:13,1
DA:14,1
DA:22,1
DA:23,3
DA:25,1
LF:8
LH:8
BRF:0
BRH:0
end_of_record
TN:
SF:src/Reduce/reduce.ts
FN:10,(anonymous_0)
FN:18,(anonymous_1)
FN:22,(anonymous_2)
FNF:3
FNH:3
FNDA:4,(anonymous_0)
FNDA:4,(anonymous_1)
FNDA:12,(anonymous_2)
DA:4,1
DA:10,4
DA:11,4
DA:19,4
DA:20,4
DA:22,4
DA:23,12
DA:25,4
DA:26,4
DA:27,4
LF:10
LH:10
BRF:0
BRH:0
end_of_record
TN:
SF:src/SubMapReduce/SubMapReduce.ts
FN:11,(anonymous_0)
FN:19,(anonymous_1)
FN:20,(anonymous_2)
FNF:3
FNH:3
FNDA:1,(anonymous_0)
FNDA:1,(anonymous_1)
FNDA:3,(anonymous_2)
DA:1,1
DA:5,1
DA:11,1
DA:12,1
DA:13,1
DA:20,1
DA:21,3
DA:23,1
LF:8
LH:8
BRF:0
BRH:0
end_of_record
